f:\dev\bitengine\bitengine\bitengine\vendor\yaml-cpp\bin-int\debug-windows-x86_64\yaml-cpp\emit.obj
f:\dev\bitengine\bitengine\bitengine\vendor\yaml-cpp\bin-int\debug-windows-x86_64\yaml-cpp\node.obj
f:\dev\bitengine\bitengine\bitengine\vendor\yaml-cpp\bin-int\debug-windows-x86_64\yaml-cpp\null.obj
f:\dev\bitengine\bitengine\bitengine\vendor\yaml-cpp\bin-int\debug-windows-x86_64\yaml-cpp\scanner.obj
f:\dev\bitengine\bitengine\bitengine\vendor\yaml-cpp\bin-int\debug-windows-x86_64\yaml-cpp\convert.obj
f:\dev\bitengine\bitengine\bitengine\vendor\yaml-cpp\bin-int\debug-windows-x86_64\yaml-cpp\node_data.obj
f:\dev\bitengine\bitengine\bitengine\vendor\yaml-cpp\bin-int\debug-windows-x86_64\yaml-cpp\simplekey.obj
f:\dev\bitengine\bitengine\bitengine\vendor\yaml-cpp\bin-int\debug-windows-x86_64\yaml-cpp\directives.obj
f:\dev\bitengine\bitengine\bitengine\vendor\yaml-cpp\bin-int\debug-windows-x86_64\yaml-cpp\emitter.obj
f:\dev\bitengine\bitengine\bitengine\vendor\yaml-cpp\bin-int\debug-windows-x86_64\yaml-cpp\nodebuilder.obj
f:\dev\bitengine\bitengine\bitengine\vendor\yaml-cpp\bin-int\debug-windows-x86_64\yaml-cpp\scantoken.obj
f:\dev\bitengine\bitengine\bitengine\vendor\yaml-cpp\bin-int\debug-windows-x86_64\yaml-cpp\emitfromevents.obj
f:\dev\bitengine\bitengine\bitengine\vendor\yaml-cpp\bin-int\debug-windows-x86_64\yaml-cpp\memory.obj
f:\dev\bitengine\bitengine\bitengine\vendor\yaml-cpp\bin-int\debug-windows-x86_64\yaml-cpp\parser.obj
f:\dev\bitengine\bitengine\bitengine\vendor\yaml-cpp\bin-int\debug-windows-x86_64\yaml-cpp\stream.obj
f:\dev\bitengine\bitengine\bitengine\vendor\yaml-cpp\bin-int\debug-windows-x86_64\yaml-cpp\graphbuilder.obj
f:\dev\bitengine\bitengine\bitengine\vendor\yaml-cpp\bin-int\debug-windows-x86_64\yaml-cpp\exp.obj
f:\dev\bitengine\bitengine\bitengine\vendor\yaml-cpp\bin-int\debug-windows-x86_64\yaml-cpp\parse.obj
f:\dev\bitengine\bitengine\bitengine\vendor\yaml-cpp\bin-int\debug-windows-x86_64\yaml-cpp\tag.obj
f:\dev\bitengine\bitengine\bitengine\vendor\yaml-cpp\bin-int\debug-windows-x86_64\yaml-cpp\binary.obj
f:\dev\bitengine\bitengine\bitengine\vendor\yaml-cpp\bin-int\debug-windows-x86_64\yaml-cpp\emitterstate.obj
f:\dev\bitengine\bitengine\bitengine\vendor\yaml-cpp\bin-int\debug-windows-x86_64\yaml-cpp\nodeevents.obj
f:\dev\bitengine\bitengine\bitengine\vendor\yaml-cpp\bin-int\debug-windows-x86_64\yaml-cpp\scanscalar.obj
f:\dev\bitengine\bitengine\bitengine\vendor\yaml-cpp\bin-int\debug-windows-x86_64\yaml-cpp\graphbuilderadapter.obj
f:\dev\bitengine\bitengine\bitengine\vendor\yaml-cpp\bin-int\debug-windows-x86_64\yaml-cpp\emitterutils.obj
f:\dev\bitengine\bitengine\bitengine\vendor\yaml-cpp\bin-int\debug-windows-x86_64\yaml-cpp\regex_yaml.obj
f:\dev\bitengine\bitengine\bitengine\vendor\yaml-cpp\bin-int\debug-windows-x86_64\yaml-cpp\singledocparser.obj
f:\dev\bitengine\bitengine\bitengine\vendor\yaml-cpp\bin-int\debug-windows-x86_64\yaml-cpp\depthguard.obj
f:\dev\bitengine\bitengine\bitengine\vendor\yaml-cpp\bin-int\debug-windows-x86_64\yaml-cpp\exceptions.obj
f:\dev\bitengine\bitengine\bitengine\vendor\yaml-cpp\bin-int\debug-windows-x86_64\yaml-cpp\ostream_wrapper.obj
f:\dev\bitengine\bitengine\bitengine\vendor\yaml-cpp\bin-int\debug-windows-x86_64\yaml-cpp\scantag.obj
f:\dev\bitengine\bitengine\bitengine\vendor\yaml-cpp\bin\debug-windows-x86_64\yaml-cpp\yaml-cpp.pdb
f:\dev\bitengine\bitengine\bitengine\vendor\yaml-cpp\bin\debug-windows-x86_64\yaml-cpp\yaml-cpp.lib
f:\dev\bitengine\bitengine\bitengine\vendor\yaml-cpp\bin-int\debug-windows-x86_64\yaml-cpp\yaml-cpp.idb
f:\dev\bitengine\bitengine\bitengine\vendor\yaml-cpp\bin-int\debug-windows-x86_64\yaml-cpp\yaml-cpp.pdb
f:\dev\bitengine\bitengine\bitengine\vendor\yaml-cpp\bin-int\debug-windows-x86_64\yaml-cpp\yaml-cpp.tlog\cl.10884.write.1.tlog
f:\dev\bitengine\bitengine\bitengine\vendor\yaml-cpp\bin-int\debug-windows-x86_64\yaml-cpp\yaml-cpp.tlog\cl.command.1.tlog
f:\dev\bitengine\bitengine\bitengine\vendor\yaml-cpp\bin-int\debug-windows-x86_64\yaml-cpp\yaml-cpp.tlog\cl.read.1.tlog
f:\dev\bitengine\bitengine\bitengine\vendor\yaml-cpp\bin-int\debug-windows-x86_64\yaml-cpp\yaml-cpp.tlog\lib-link.read.1.tlog
f:\dev\bitengine\bitengine\bitengine\vendor\yaml-cpp\bin-int\debug-windows-x86_64\yaml-cpp\yaml-cpp.tlog\lib-link.write.1.tlog
f:\dev\bitengine\bitengine\bitengine\vendor\yaml-cpp\bin-int\debug-windows-x86_64\yaml-cpp\yaml-cpp.tlog\lib.command.1.tlog
